<?xml version="1.0" encoding="UTF-8"?>
<!-- Generated by org.testng.reporters.JUnitReportReporter -->
<testsuite skipped="0" hostname="DS-LAP-74" name="com.purpleAdmin.qa.testcases.ValidateMenuLinksTestCases" tests="6" failures="0" timestamp="06 Apr 2020 19:38:32 GMT" time="309.542" errors="0">
  <testcase name="validateMenuLinks" time="46.830" classname="com.purpleAdmin.qa.testcases.ValidateMenuLinksTestCases"/>
  <testcase name="validateMenuLinks" time="51.381" classname="com.purpleAdmin.qa.testcases.ValidateMenuLinksTestCases"/>
  <testcase name="validateMenuLinks" time="57.610" classname="com.purpleAdmin.qa.testcases.ValidateMenuLinksTestCases"/>
  <testcase name="validateMenuLinks" time="50.993" classname="com.purpleAdmin.qa.testcases.ValidateMenuLinksTestCases"/>
  <testcase name="validateMenuLinks" time="51.564" classname="com.purpleAdmin.qa.testcases.ValidateMenuLinksTestCases"/>
  <testcase name="validateMenuLinks" time="51.164" classname="com.purpleAdmin.qa.testcases.ValidateMenuLinksTestCases"/>
</testsuite> <!-- com.purpleAdmin.qa.testcases.ValidateMenuLinksTestCases -->
