<?xml version="1.0" encoding="UTF-8"?>
<!-- Generated by org.testng.reporters.JUnitReportReporter -->
<testsuite skipped="0" hostname="WKS-388-ASM" name="com.purpleAdmin.qa.testcases.LoginPageTest" tests="1" failures="0" timestamp="24 Feb 2020 09:13:38 GMT" time="18.738" errors="0">
  <testcase name="loginTest" time="18.738" classname="com.purpleAdmin.qa.testcases.LoginPageTest"/>
</testsuite> <!-- com.purpleAdmin.qa.testcases.LoginPageTest -->
