<?xml version="1.0" encoding="UTF-8"?>
<!-- Generated by org.testng.reporters.JUnitReportReporter -->
<testsuite hostname="DS-LAP-74" name="com.purpleAdmin.qa.testcases.WebMapPageTestCases" tests="4" failures="0" timestamp="12 Aug 2020 19:02:45 GMT" time="232.788" errors="0">
  <testcase name="validateMapRotateRight" time="32.812" classname="com.purpleAdmin.qa.testcases.WebMapPageTestCases"/>
  <testcase name="validateMapRotateLeft" time="51.942" classname="com.purpleAdmin.qa.testcases.WebMapPageTestCases"/>
  <testcase name="validateMapZoomOut" time="81.911" classname="com.purpleAdmin.qa.testcases.WebMapPageTestCases"/>
  <testcase name="validateMapZoomIn" time="66.123" classname="com.purpleAdmin.qa.testcases.WebMapPageTestCases"/>
</testsuite> <!-- com.purpleAdmin.qa.testcases.WebMapPageTestCases -->
