<?xml version="1.0" encoding="UTF-8"?>
<!-- Generated by org.testng.reporters.JUnitReportReporter -->
<testsuite hostname="DS-LAP-74" name="com.purpleAdmin.qa.testcases.WebHamburgerPageTestCases" tests="1" failures="0" timestamp="19 Jun 2020 11:01:18 GMT" time="38.900" errors="0">
  <testcase name="validateClearRouteBtn" time="38.900" classname="com.purpleAdmin.qa.testcases.WebHamburgerPageTestCases"/>
</testsuite> <!-- com.purpleAdmin.qa.testcases.WebHamburgerPageTestCases -->
