<?xml version="1.0" encoding="UTF-8"?>
<!-- Generated by org.testng.reporters.JUnitReportReporter -->
<testsuite hostname="DS-LAP-74" name="com.purpleAdmin.qa.testcases.WebNavigationDirectionsTestCases" tests="1" failures="0" timestamp="12 Aug 2020 18:57:05 GMT" time="63.883" errors="0">
  <testcase name="validateOffsiteOnsiteDirections" time="63.883" classname="com.purpleAdmin.qa.testcases.WebNavigationDirectionsTestCases"/>
</testsuite> <!-- com.purpleAdmin.qa.testcases.WebNavigationDirectionsTestCases -->
