<?xml version="1.0" encoding="UTF-8"?>
<!-- Generated by org.testng.reporters.JUnitReportReporter -->
<testsuite hostname="DS-LAP-74" name="com.purpleAdmin.qa.testcases.WebNavigationDirectionsTestCases" tests="9" failures="0" timestamp="17 Jun 2020 12:59:35 GMT" time="494.804" errors="0">
  <testcase name="validateMapRecenter" time="41.126" classname="com.purpleAdmin.qa.testcases.WebNavigationDirectionsTestCases"/>
  <testcase name="validateMapZoomIn" time="147.546" classname="com.purpleAdmin.qa.testcases.WebNavigationDirectionsTestCases"/>
  <testcase name="validateOnsiteDirections" time="44.159" classname="com.purpleAdmin.qa.testcases.WebNavigationDirectionsTestCases"/>
  <testcase name="validateOnisteOffisteDirections" time="50.152" classname="com.purpleAdmin.qa.testcases.WebNavigationDirectionsTestCases"/>
  <testcase name="validateMapRotateRight" time="40.029" classname="com.purpleAdmin.qa.testcases.WebNavigationDirectionsTestCases"/>
  <testcase name="validateKeyLegends" time="34.320" classname="com.purpleAdmin.qa.testcases.WebNavigationDirectionsTestCases"/>
  <testcase name="validateMapZoomOut" time="36.744" classname="com.purpleAdmin.qa.testcases.WebNavigationDirectionsTestCases"/>
  <testcase name="validateMapRotateLeft" time="40.323" classname="com.purpleAdmin.qa.testcases.WebNavigationDirectionsTestCases"/>
  <testcase name="validateOffisteOnsiteDirections" time="60.405" classname="com.purpleAdmin.qa.testcases.WebNavigationDirectionsTestCases"/>
</testsuite> <!-- com.purpleAdmin.qa.testcases.WebNavigationDirectionsTestCases -->
