<?xml version="1.0" encoding="UTF-8"?>
<!-- Generated by org.testng.reporters.JUnitReportReporter -->
<testsuite hostname="DS-LAP-74" name="com.purpleAdmin.qa.testcases.WebMapTestCases" tests="6" failures="0" timestamp="8 Aug 2020 14:33:42 GMT" time="180.689" errors="0">
  <testcase name="validateKeyLegends" time="19.631" classname="com.purpleAdmin.qa.testcases.WebMapTestCases"/>
  <testcase name="validateMapZoomIn" time="29.339" classname="com.purpleAdmin.qa.testcases.WebMapTestCases"/>
  <testcase name="validateMapRotateLeft" time="34.677" classname="com.purpleAdmin.qa.testcases.WebMapTestCases"/>
  <testcase name="validateMapZoomOut" time="30.761" classname="com.purpleAdmin.qa.testcases.WebMapTestCases"/>
  <testcase name="validateMapRotateRight" time="39.544" classname="com.purpleAdmin.qa.testcases.WebMapTestCases"/>
  <testcase name="validateMapRecenter" time="26.737" classname="com.purpleAdmin.qa.testcases.WebMapTestCases"/>
</testsuite> <!-- com.purpleAdmin.qa.testcases.WebMapTestCases -->
