<?xml version="1.0" encoding="UTF-8"?>
<!-- Generated by org.testng.reporters.JUnitReportReporter -->
<testsuite hostname="DS-LAP-74" name="com.purpleAdmin.qa.testcases.WebHomePageTestCase" tests="1" failures="0" timestamp="12 Aug 2020 07:27:09 GMT" time="38.098" errors="0">
  <testcase name="validateCompanyLogo" time="38.098" classname="com.purpleAdmin.qa.testcases.WebHomePageTestCase"/>
</testsuite> <!-- com.purpleAdmin.qa.testcases.WebHomePageTestCase -->
