<?xml version="1.0" encoding="UTF-8"?>
<!-- Generated by org.testng.reporters.JUnitReportReporter -->
<testsuite hostname="DS-LAP-74" name="com.purpleAdmin.qa.testcases.WebFileUploadTestCase" tests="1" failures="0" timestamp="12 Aug 2020 07:27:09 GMT" time="2.966" errors="0">
  <testcase name="SendReportToBlob" time="2.966" classname="com.purpleAdmin.qa.testcases.WebFileUploadTestCase"/>
</testsuite> <!-- com.purpleAdmin.qa.testcases.WebFileUploadTestCase -->
