<?xml version="1.0" encoding="UTF-8"?>
<!-- Generated by org.testng.reporters.JUnitReportReporter -->
<testsuite hostname="DS-LAP-74" name="com.purpleAdmin.qa.testcases.WebEmailPrintTestCases" tests="2" failures="0" timestamp="12 Aug 2020 07:27:09 GMT" time="70.253" errors="0">
  <testcase name="validatePrintBtn" time="32.272" classname="com.purpleAdmin.qa.testcases.WebEmailPrintTestCases"/>
  <testcase name="validateEmailBtn" time="37.981" classname="com.purpleAdmin.qa.testcases.WebEmailPrintTestCases"/>
</testsuite> <!-- com.purpleAdmin.qa.testcases.WebEmailPrintTestCases -->
